app/build/intermediates/manifest_merge_blame_file/debug/manifest-merger-blame-debug-report.txt
1<?xml version="1.0" encoding="utf-8"?>
2<manifest xmlns:android="http://schemas.android.com/apk/res/android"
3    package="com.example.busapp"
4    android:versionCode="1"
5    android:versionName="1.0" >
6
7    <uses-sdk
8        android:minSdkVersion="16"
8-->src\main\AndroidManifest.xml
9        android:targetSdkVersion="29" />
9-->src\main\AndroidManifest.xml
10
11    <uses-permission android:name="android.permission.ACCESS_FINE_LOCATION" />
11-->src\main\AndroidManifest.xml:5:5-79
11-->src\main\AndroidManifest.xml:5:22-76
12    <uses-permission android:name="android.permission.INTERNET" />
12-->src\main\AndroidManifest.xml:6:5-67
12-->src\main\AndroidManifest.xml:6:22-64
13    <uses-permission android:name="android.permission.ACCESS_NETWORK_STATE" />
13-->src\main\AndroidManifest.xml:7:5-79
13-->src\main\AndroidManifest.xml:7:22-76
14    <uses-permission android:name="android.permission.READ_EXTERNAL_STORAGE" />
14-->src\main\AndroidManifest.xml:8:5-80
14-->src\main\AndroidManifest.xml:8:22-77
15    <uses-permission android:name="android.permission.WRITE_EXTERNAL_STORAGE" />
15-->src\main\AndroidManifest.xml:9:5-81
15-->src\main\AndroidManifest.xml:9:22-78
16    <uses-permission android:name="android.permission.ACCESS_WIFI_STATE" />
16-->[com.google.android.libraries.places:places:2.2.0] AndroidManifest.xml:10:5-76
16-->[com.google.android.libraries.places:places:2.2.0] AndroidManifest.xml:10:22-73
17
18    <uses-feature
18-->[com.google.android.gms:play-services-maps:17.0.0] AndroidManifest.xml:26:5-28:35
19        android:glEsVersion="0x00020000"
19-->[com.google.android.gms:play-services-maps:17.0.0] AndroidManifest.xml:27:9-41
20        android:required="true" />
20-->[com.google.android.gms:play-services-maps:17.0.0] AndroidManifest.xml:28:9-32
21
22    <application
22-->src\main\AndroidManifest.xml:11:5-84:19
23        android:name="androidx.multidex.MultiDexApplication"
24        android:allowBackup="true"
24-->src\main\AndroidManifest.xml:12:9-35
25        android:appComponentFactory="androidx.core.app.CoreComponentFactory"
25-->[androidx.core:core:1.3.0-rc01] AndroidManifest.xml:24:18-86
26        android:debuggable="true"
27        android:icon="@mipmap/ic_launcher"
27-->src\main\AndroidManifest.xml:13:9-43
28        android:label="@string/app_name"
28-->src\main\AndroidManifest.xml:14:9-41
29        android:roundIcon="@mipmap/ic_launcher_round"
29-->src\main\AndroidManifest.xml:15:9-54
30        android:supportsRtl="true"
30-->src\main\AndroidManifest.xml:16:9-35
31        android:testOnly="true"
32        android:theme="@style/AppTheme" >
32-->src\main\AndroidManifest.xml:17:9-40
33        <meta-data
33-->src\main\AndroidManifest.xml:19:9-21:69
34            android:name="com.google.android.gms.version"
34-->src\main\AndroidManifest.xml:20:13-58
35            android:value="@integer/google_play_services_version" />
35-->src\main\AndroidManifest.xml:21:13-66
36
37<!--              The API key for Google Maps-based APIs. -->
38        <meta-data
38-->src\main\AndroidManifest.xml:26:9-28:55
39            android:name="com.google.android.geo.API_KEY"
39-->src\main\AndroidManifest.xml:27:13-58
40            android:value="@string/google_maps_key" />
40-->src\main\AndroidManifest.xml:28:13-52
41
42        <activity
42-->src\main\AndroidManifest.xml:31:9-39:20
43            android:name="com.example.busapp.ui.gallery.BusScheduleActivity"
43-->src\main\AndroidManifest.xml:32:13-59
44            android:parentActivityName="com.example.busapp.ui.gallery.BusRouteActivity" >
44-->src\main\AndroidManifest.xml:33:13-70
45
46            <!-- The meta-data tag is required if you support API level 15 and lower -->
47            <meta-data
47-->src\main\AndroidManifest.xml:36:13-38:64
48                android:name="android.support.PARENT_ACTIVITY"
48-->src\main\AndroidManifest.xml:37:17-63
49                android:value=".ui.gallery.BusRouteActivity" />
49-->src\main\AndroidManifest.xml:38:17-61
50        </activity>
51        <activity
51-->src\main\AndroidManifest.xml:41:9-49:20
52            android:name="com.example.busapp.ui.gallery.BusRouteActivity"
52-->src\main\AndroidManifest.xml:42:13-56
53            android:parentActivityName="com.example.busapp.MainActivity" >
53-->src\main\AndroidManifest.xml:43:13-55
54
55            <!-- The meta-data tag is required if you support API level 15 and lower -->
56            <meta-data
56-->src\main\AndroidManifest.xml:36:13-38:64
57                android:name="android.support.PARENT_ACTIVITY"
57-->src\main\AndroidManifest.xml:37:17-63
58                android:value=".MainActivity" />
58-->src\main\AndroidManifest.xml:38:17-61
59        </activity>
60        <activity
60-->src\main\AndroidManifest.xml:51:9-59:20
61            android:name="com.example.busapp.ui.gallery.BusStationActivity"
61-->src\main\AndroidManifest.xml:52:13-58
62            android:parentActivityName="com.example.busapp.ui.gallery.BusRouteActivity" >
62-->src\main\AndroidManifest.xml:53:13-70
63
64            <!-- The meta-data tag is required if you support API level 15 and lower -->
65            <meta-data
65-->src\main\AndroidManifest.xml:36:13-38:64
66                android:name="android.support.PARENT_ACTIVITY"
66-->src\main\AndroidManifest.xml:37:17-63
67                android:value=".ui.gallery.BusRouteActivity" />
67-->src\main\AndroidManifest.xml:38:17-61
68        </activity>
69        <activity
69-->src\main\AndroidManifest.xml:61:9-69:20
70            android:name="com.example.busapp.ui.home.ResultActivity"
70-->src\main\AndroidManifest.xml:62:13-51
71            android:parentActivityName="com.example.busapp.MainActivity" >
71-->src\main\AndroidManifest.xml:63:13-55
72
73            <!-- The meta-data tag is required if you support API level 15 and lower -->
74            <meta-data
74-->src\main\AndroidManifest.xml:36:13-38:64
75                android:name="android.support.PARENT_ACTIVITY"
75-->src\main\AndroidManifest.xml:37:17-63
76                android:value=".MainActivity" />
76-->src\main\AndroidManifest.xml:38:17-61
77        </activity>
78        <activity
78-->src\main\AndroidManifest.xml:71:9-80:20
79            android:name="com.example.busapp.MainActivity"
79-->src\main\AndroidManifest.xml:72:13-41
80            android:label="@string/app_name"
80-->src\main\AndroidManifest.xml:73:13-45
81            android:theme="@style/AppTheme.NoActionBar" >
81-->src\main\AndroidManifest.xml:74:13-56
82            <intent-filter>
82-->src\main\AndroidManifest.xml:75:13-79:29
83                <action android:name="android.intent.action.MAIN" />
83-->src\main\AndroidManifest.xml:76:17-69
83-->src\main\AndroidManifest.xml:76:25-66
84
85                <category android:name="android.intent.category.LAUNCHER" />
85-->src\main\AndroidManifest.xml:78:17-77
85-->src\main\AndroidManifest.xml:78:27-74
86            </intent-filter>
87        </activity>
88
89        <meta-data
89-->src\main\AndroidManifest.xml:81:9-83:57
90            android:name="preloaded_fonts"
90-->src\main\AndroidManifest.xml:82:13-43
91            android:resource="@array/preloaded_fonts" />
91-->src\main\AndroidManifest.xml:83:13-54
92
93        <activity
93-->[com.google.android.libraries.places:places:2.2.0] AndroidManifest.xml:14:9-20:20
94            android:name="com.google.android.libraries.places.widget.AutocompleteActivity"
94-->[com.google.android.libraries.places:places:2.2.0] AndroidManifest.xml:15:13-91
95            android:exported="false"
95-->[com.google.android.libraries.places:places:2.2.0] AndroidManifest.xml:16:13-37
96            android:label="@string/places_autocomplete_label"
96-->[com.google.android.libraries.places:places:2.2.0] AndroidManifest.xml:17:13-62
97            android:theme="@style/PlacesAutocompleteOverlay"
97-->[com.google.android.libraries.places:places:2.2.0] AndroidManifest.xml:18:13-61
98            android:windowSoftInputMode="adjustResize" >
98-->[com.google.android.libraries.places:places:2.2.0] AndroidManifest.xml:19:13-55
99        </activity> <!-- Needs to be explicitly declared on P+ -->
100        <uses-library
100-->[com.google.android.gms:play-services-maps:17.0.0] AndroidManifest.xml:33:9-35:40
101            android:name="org.apache.http.legacy"
101-->[com.google.android.gms:play-services-maps:17.0.0] AndroidManifest.xml:34:13-50
102            android:required="false" />
102-->[com.google.android.gms:play-services-maps:17.0.0] AndroidManifest.xml:35:13-37
103
104        <activity
104-->[com.sucho:placepicker:1.1.1] AndroidManifest.xml:12:9-14:67
105            android:name="com.sucho.placepicker.PlacePickerActivity"
105-->[com.sucho:placepicker:1.1.1] AndroidManifest.xml:13:13-69
106            android:label="@string/title_activity_place_picker" />
106-->[com.sucho:placepicker:1.1.1] AndroidManifest.xml:14:13-64
107        <activity
107-->[com.google.android.gms:play-services-base:17.0.0] AndroidManifest.xml:23:9-26:75
108            android:name="com.google.android.gms.common.api.GoogleApiActivity"
108-->[com.google.android.gms:play-services-base:17.0.0] AndroidManifest.xml:24:13-79
109            android:exported="false"
109-->[com.google.android.gms:play-services-base:17.0.0] AndroidManifest.xml:25:13-37
110            android:theme="@android:style/Theme.Translucent.NoTitleBar" />
110-->[com.google.android.gms:play-services-base:17.0.0] AndroidManifest.xml:26:13-72
111
112        <service
112-->[com.google.android.datatransport:transport-backend-cct:2.1.0] AndroidManifest.xml:29:9-35:19
113            android:name="com.google.android.datatransport.runtime.backends.TransportBackendDiscovery"
113-->[com.google.android.datatransport:transport-backend-cct:2.1.0] AndroidManifest.xml:30:13-103
114            android:exported="false" >
114-->[com.google.android.datatransport:transport-backend-cct:2.1.0] AndroidManifest.xml:31:13-37
115            <meta-data
115-->[com.google.android.datatransport:transport-backend-cct:2.1.0] AndroidManifest.xml:32:13-34:39
116                android:name="backend:com.google.android.datatransport.cct.CctBackendFactory"
116-->[com.google.android.datatransport:transport-backend-cct:2.1.0] AndroidManifest.xml:33:17-94
117                android:value="cct" />
117-->[com.google.android.datatransport:transport-backend-cct:2.1.0] AndroidManifest.xml:34:17-36
118        </service>
119        <service
119-->[com.google.android.datatransport:transport-runtime:2.1.0] AndroidManifest.xml:26:9-30:19
120            android:name="com.google.android.datatransport.runtime.scheduling.jobscheduling.JobInfoSchedulerService"
120-->[com.google.android.datatransport:transport-runtime:2.1.0] AndroidManifest.xml:27:13-117
121            android:exported="false"
121-->[com.google.android.datatransport:transport-runtime:2.1.0] AndroidManifest.xml:28:13-37
122            android:permission="android.permission.BIND_JOB_SERVICE" >
122-->[com.google.android.datatransport:transport-runtime:2.1.0] AndroidManifest.xml:29:13-69
123        </service>
124
125        <receiver
125-->[com.google.android.datatransport:transport-runtime:2.1.0] AndroidManifest.xml:32:9-34:40
126            android:name="com.google.android.datatransport.runtime.scheduling.jobscheduling.AlarmManagerSchedulerBroadcastReceiver"
126-->[com.google.android.datatransport:transport-runtime:2.1.0] AndroidManifest.xml:33:13-132
127            android:exported="false" />
127-->[com.google.android.datatransport:transport-runtime:2.1.0] AndroidManifest.xml:34:13-37
128
129        <provider
129-->[androidx.lifecycle:lifecycle-process:2.1.0] AndroidManifest.xml:23:9-27:43
130            android:name="androidx.lifecycle.ProcessLifecycleOwnerInitializer"
130-->[androidx.lifecycle:lifecycle-process:2.1.0] AndroidManifest.xml:24:13-79
131            android:authorities="com.example.busapp.lifecycle-process"
131-->[androidx.lifecycle:lifecycle-process:2.1.0] AndroidManifest.xml:25:13-69
132            android:exported="false"
132-->[androidx.lifecycle:lifecycle-process:2.1.0] AndroidManifest.xml:26:13-37
133            android:multiprocess="true" />
133-->[androidx.lifecycle:lifecycle-process:2.1.0] AndroidManifest.xml:27:13-40
134    </application>
135
136</manifest>